<?xml version="1.0" encoding="UTF-8"?>
<testng-results ignored="0" total="1" passed="1" failed="0" skipped="0">
  <reporter-output>
  </reporter-output>
  <suite started-at="2019-09-29T09:12:21Z" name="Default suite" finished-at="2019-09-29T09:12:32Z" duration-ms="11808">
    <groups>
    </groups>
    <test started-at="2019-09-29T09:12:21Z" name="Default test" finished-at="2019-09-29T09:12:32Z" duration-ms="11808">
      <class name="seleniumPractice.FindJsErrorLogg">
        <test-method is-config="true" signature="tc_01()[pri:0, instance:seleniumPractice.FindJsErrorLogg@5aa9e4eb]" started-at="2019-09-29T09:12:21Z" name="tc_01" finished-at="2019-09-29T09:12:24Z" duration-ms="3515" status="PASS">
          <reporter-output>
          </reporter-output>
        </test-method> <!-- tc_01 -->
        <test-method signature="jsScriptEr()[pri:0, instance:seleniumPractice.FindJsErrorLogg@5aa9e4eb]" started-at="2019-09-29T09:12:24Z" name="jsScriptEr" finished-at="2019-09-29T09:12:30Z" duration-ms="6174" status="PASS">
          <reporter-output>
          </reporter-output>
        </test-method> <!-- jsScriptEr -->
        <test-method is-config="true" signature="tearDown()[pri:0, instance:seleniumPractice.FindJsErrorLogg@5aa9e4eb]" started-at="2019-09-29T09:12:30Z" name="tearDown" finished-at="2019-09-29T09:12:32Z" duration-ms="2095" status="PASS">
          <reporter-output>
          </reporter-output>
        </test-method> <!-- tearDown -->
      </class> <!-- seleniumPractice.FindJsErrorLogg -->
    </test> <!-- Default test -->
  </suite> <!-- Default suite -->
</testng-results>
